# JRE version: OpenJDK Runtime Environment (11.0.8+10) (build 11.0.8+10-b944.6842174)
# Java VM: OpenJDK 64-Bit Server VM (11.0.8+10-b944.6842174, mixed mode, tiered, compressed oops, g1 gc, windows-amd64)
Heap:
 garbage-first heap   total 443392K, used 190031K [0x00000000a0000000, 0x0000000100000000)
  region size 1024K, 35 young (35840K), 1 survivors (1024K)
 Metaspace       used 128739K, capacity 132504K, committed 132940K, reserved 1165312K
  class space    used 15177K, capacity 16543K, committed 16768K, reserved 1048576K
GC Heap History (20 events):
Event: 4515.474 GC heap before
{Heap before GC invocations=200 (full 0):
 garbage-first heap   total 396288K, used 318136K [0x00000000a0000000, 0x0000000100000000)
  region size 1024K, 178 young (182272K), 8 survivors (8192K)
 Metaspace       used 128626K, capacity 132405K, committed 132684K, reserved 1165312K
  class space    used 15199K, capacity 16583K, committed 16768K, reserved 1048576K
}
Event: 4515.503 GC heap after
{Heap after GC invocations=201 (full 0):
 garbage-first heap   total 396288K, used 171238K [0x00000000a0000000, 0x0000000100000000)
  region size 1024K, 23 young (23552K), 23 survivors (23552K)
 Metaspace       used 128626K, capacity 132405K, committed 132684K, reserved 1165312K
  class space    used 15199K, capacity 16583K, committed 16768K, reserved 1048576K
}
Event: 4515.504 GC heap before
{Heap before GC invocations=201 (full 0):
 garbage-first heap   total 396288K, used 172262K [0x00000000a0000000, 0x0000000100000000)
  region size 1024K, 24 young (24576K), 23 survivors (23552K)
 Metaspace       used 128626K, capacity 132405K, committed 132684K, reserved 1165312K
  class space    used 15199K, capacity 16583K, committed 16768K, reserved 1048576K
}
Event: 4515.521 GC heap after
{Heap after GC invocations=202 (full 0):
 garbage-first heap   total 396288K, used 173538K [0x00000000a0000000, 0x0000000100000000)
  region size 1024K, 3 young (3072K), 3 survivors (3072K)
 Metaspace       used 128626K, capacity 132405K, committed 132684K, reserved 1165312K
  class space    used 15199K, capacity 16583K, committed 16768K, reserved 1048576K
}
Event: 4515.769 GC heap before
{Heap before GC invocations=202 (full 0):
 garbage-first heap   total 396288K, used 306658K [0x00000000a0000000, 0x0000000100000000)
  region size 1024K, 133 young (136192K), 3 survivors (3072K)
 Metaspace       used 128758K, capacity 132537K, committed 132940K, reserved 1165312K
  class space    used 15200K, capacity 16583K, committed 16768K, reserved 1048576K
}
Event: 4515.783 GC heap after
{Heap after GC invocations=203 (full 0):
 garbage-first heap   total 396288K, used 182777K [0x00000000a0000000, 0x0000000100000000)
  region size 1024K, 12 young (12288K), 12 survivors (12288K)
 Metaspace       used 128758K, capacity 132537K, committed 132940K, reserved 1165312K
  class space    used 15200K, capacity 16583K, committed 16768K, reserved 1048576K
}
Event: 4516.118 GC heap before
{Heap before GC invocations=204 (full 0):
 garbage-first heap   total 396288K, used 312825K [0x00000000a0000000, 0x0000000100000000)
  region size 1024K, 138 young (141312K), 12 survivors (12288K)
 Metaspace       used 128624K, capacity 132370K, committed 132940K, reserved 1165312K
  class space    used 15177K, capacity 16543K, committed 16768K, reserved 1048576K
}
Event: 4516.135 GC heap after
{Heap after GC invocations=205 (full 0):
 garbage-first heap   total 396288K, used 192336K [0x00000000a0000000, 0x0000000100000000)
  region size 1024K, 11 young (11264K), 11 survivors (11264K)
 Metaspace       used 128624K, capacity 132370K, committed 132940K, reserved 1165312K
  class space    used 15177K, capacity 16543K, committed 16768K, reserved 1048576K
}
Event: 4516.146 GC heap before
{Heap before GC invocations=205 (full 0):
 garbage-first heap   total 396288K, used 200528K [0x00000000a0000000, 0x0000000100000000)
  region size 1024K, 19 young (19456K), 11 survivors (11264K)
 Metaspace       used 128624K, capacity 132370K, committed 132940K, reserved 1165312K
  class space    used 15177K, capacity 16543K, committed 16768K, reserved 1048576K
}
Event: 4516.167 GC heap after
{Heap after GC invocations=206 (full 0):
 garbage-first heap   total 396288K, used 165272K [0x00000000a0000000, 0x0000000100000000)
  region size 1024K, 2 young (2048K), 2 survivors (2048K)
 Metaspace       used 128624K, capacity 132370K, committed 132940K, reserved 1165312K
  class space    used 15177K, capacity 16543K, committed 16768K, reserved 1048576K
}
Event: 4516.186 GC heap before
{Heap before GC invocations=206 (full 0):
 garbage-first heap   total 396288K, used 182680K [0x00000000a0000000, 0x0000000100000000)
  region size 1024K, 19 young (19456K), 2 survivors (2048K)
 Metaspace       used 128636K, capacity 132370K, committed 132940K, reserved 1165312K
  class space    used 15177K, capacity 16543K, committed 16768K, reserved 1048576K
}
Event: 4516.195 GC heap after
{Heap after GC invocations=207 (full 0):
 garbage-first heap   total 396288K, used 166222K [0x00000000a0000000, 0x0000000100000000)
  region size 1024K, 3 young (3072K), 3 survivors (3072K)
 Metaspace       used 128636K, capacity 132370K, committed 132940K, reserved 1165312K
  class space    used 15177K, capacity 16543K, committed 16768K, reserved 1048576K
}
Event: 4516.270 GC heap before
{Heap before GC invocations=207 (full 0):
 garbage-first heap   total 396288K, used 212302K [0x00000000a0000000, 0x0000000100000000)
  region size 1024K, 50 young (51200K), 3 survivors (3072K)
 Metaspace       used 128665K, capacity 132371K, committed 132940K, reserved 1165312K
  class space    used 15177K, capacity 16543K, committed 16768K, reserved 1048576K
}
Event: 4516.276 GC heap after
{Heap after GC invocations=208 (full 0):
 garbage-first heap   total 396288K, used 170629K [0x00000000a0000000, 0x0000000100000000)
  region size 1024K, 7 young (7168K), 7 survivors (7168K)
 Metaspace       used 128665K, capacity 132371K, committed 132940K, reserved 1165312K
  class space    used 15177K, capacity 16543K, committed 16768K, reserved 1048576K
}
Event: 4516.582 GC heap before
{Heap before GC invocations=209 (full 0):
 garbage-first heap   total 396288K, used 313989K [0x00000000a0000000, 0x0000000100000000)
  region size 1024K, 148 young (151552K), 7 survivors (7168K)
 Metaspace       used 128711K, capacity 132504K, committed 132940K, reserved 1165312K
  class space    used 15177K, capacity 16543K, committed 16768K, reserved 1048576K
}
Event: 4516.592 GC heap after
{Heap after GC invocations=210 (full 0):
 garbage-first heap   total 396288K, used 173620K [0x00000000a0000000, 0x0000000100000000)
  region size 1024K, 11 young (11264K), 11 survivors (11264K)
 Metaspace       used 128711K, capacity 132504K, committed 132940K, reserved 1165312K
  class space    used 15177K, capacity 16543K, committed 16768K, reserved 1048576K
}
Event: 4516.600 GC heap before
{Heap before GC invocations=210 (full 0):
 garbage-first heap   total 396288K, used 180788K [0x00000000a0000000, 0x0000000100000000)
  region size 1024K, 19 young (19456K), 11 survivors (11264K)
 Metaspace       used 128711K, capacity 132504K, committed 132940K, reserved 1165312K
  class space    used 15177K, capacity 16543K, committed 16768K, reserved 1048576K
}
Event: 4516.616 GC heap after
{Heap after GC invocations=211 (full 0):
 garbage-first heap   total 396288K, used 158024K [0x00000000a0000000, 0x0000000100000000)
  region size 1024K, 3 young (3072K), 3 survivors (3072K)
 Metaspace       used 128711K, capacity 132504K, committed 132940K, reserved 1165312K
  class space    used 15177K, capacity 16543K, committed 16768K, reserved 1048576K
}
Event: 4516.761 GC heap before
{Heap before GC invocations=211 (full 0):
 garbage-first heap   total 396288K, used 243016K [0x00000000a0000000, 0x0000000100000000)
  region size 1024K, 88 young (90112K), 3 survivors (3072K)
 Metaspace       used 128728K, capacity 132504K, committed 132940K, reserved 1165312K
  class space    used 15177K, capacity 16543K, committed 16768K, reserved 1048576K
}
Event: 4516.770 GC heap after
{Heap after GC invocations=212 (full 0):
 garbage-first heap   total 443392K, used 154264K [0x00000000a0000000, 0x0000000100000000)
  region size 1024K, 1 young (1024K), 1 survivors (1024K)
 Metaspace       used 128728K, capacity 132504K, committed 132940K, reserved 1165312K
  class space    used 15177K, capacity 16543K, committed 16768K, reserved 1048576K
}

